This file contains any messages produced by compilers while
running configure, to aid debugging if configure makes a mistake.

It was created by daq configure 2.0.6, which was
generated by GNU Autoconf 2.69.  Invocation command line was

  $ ./configure --with-dpdk-includes=/home/justin/Bureau/dpdk-2.2.0/x86_64-native-linuxapp-gcc/include --with-dpdk-libraries=/home/justin/Bureau/dpdk-2.2.0/x86_64-native-linuxapp-gcc/lib

## --------- ##
## Platform. ##
## --------- ##

hostname = justin-VirtualBox
uname -m = x86_64
uname -r = 3.16.0-30-generic
uname -s = Linux
uname -v = #40~14.04.1-Ubuntu SMP Thu Jan 15 17:43:14 UTC 2015

/usr/bin/uname -p = unknown
/bin/uname -X     = unknown

/bin/arch              = unknown
/usr/bin/arch -k       = unknown
/usr/convex/getsysinfo = unknown
/usr/bin/hostinfo      = unknown
/bin/machine           = unknown
/usr/bin/oslevel       = unknown
/bin/universe          = unknown

PATH: /usr/local/sbin
PATH: /usr/local/bin
PATH: /usr/sbin
PATH: /usr/bin
PATH: /sbin
PATH: /bin
PATH: /usr/games
PATH: /usr/local/games
PATH: /home/justin/Bureau/ns-allinone-2.35/xgraph-12.2/
PATH: /home/justin/Bureau/ns-allinone-2.35/bin/
PATH: /home/justin/Bureau/ns-allinone-2.35/tcl8.5.10/unix/
PATH: /home/justin/Bureau/ns-allinone-2.35/tk8.5.10/unix/
PATH: /home/justin/Bureau/ns-allinone-2.35/ns-2.35/
PATH: /home/justin/Bureau/ns-allinone-2.35/nam-1.15/


## ----------- ##
## Core tests. ##
## ----------- ##

configure:2493: checking for a BSD-compatible install
configure:2561: result: /usr/bin/install -c
configure:2572: checking whether build environment is sane
configure:2627: result: yes
configure:2778: checking for a thread-safe mkdir -p
configure:2817: result: /bin/mkdir -p
configure:2824: checking for gawk
configure:2854: result: no
configure:2824: checking for mawk
configure:2840: found /usr/bin/mawk
configure:2851: result: mawk
configure:2862: checking whether make sets $(MAKE)
configure:2884: result: yes
configure:2913: checking whether make supports nested variables
configure:2930: result: yes
configure:3105: checking for gcc
configure:3121: found /usr/bin/gcc
configure:3132: result: gcc
configure:3361: checking for C compiler version
configure:3370: gcc --version >&5
gcc (Ubuntu 4.8.4-2ubuntu1~14.04) 4.8.4
Copyright (C) 2013 Free Software Foundation, Inc.
This is free software; see the source for copying conditions.  There is NO
warranty; not even for MERCHANTABILITY or FITNESS FOR A PARTICULAR PURPOSE.

configure:3381: $? = 0
configure:3370: gcc -v >&5
Using built-in specs.
COLLECT_GCC=gcc
COLLECT_LTO_WRAPPER=/usr/lib/gcc/x86_64-linux-gnu/4.8/lto-wrapper
Target: x86_64-linux-gnu
Configured with: ../src/configure -v --with-pkgversion='Ubuntu 4.8.4-2ubuntu1~14.04' --with-bugurl=file:///usr/share/doc/gcc-4.8/README.Bugs --enable-languages=c,c++,java,go,d,fortran,objc,obj-c++ --prefix=/usr --program-suffix=-4.8 --enable-shared --enable-linker-build-id --libexecdir=/usr/lib --without-included-gettext --enable-threads=posix --with-gxx-include-dir=/usr/include/c++/4.8 --libdir=/usr/lib --enable-nls --with-sysroot=/ --enable-clocale=gnu --enable-libstdcxx-debug --enable-libstdcxx-time=yes --enable-gnu-unique-object --disable-libmudflap --enable-plugin --with-system-zlib --disable-browser-plugin --enable-java-awt=gtk --enable-gtk-cairo --with-java-home=/usr/lib/jvm/java-1.5.0-gcj-4.8-amd64/jre --enable-java-home --with-jvm-root-dir=/usr/lib/jvm/java-1.5.0-gcj-4.8-amd64 --with-jvm-jar-dir=/usr/lib/jvm-exports/java-1.5.0-gcj-4.8-amd64 --with-arch-directory=amd64 --with-ecj-jar=/usr/share/java/eclipse-ecj.jar --enable-objc-gc --enable-multiarch --disable-werror --with-arch-32=i686 --with-abi=m64 --with-multilib-list=m32,m64,mx32 --with-tune=generic --enable-checking=release --build=x86_64-linux-gnu --host=x86_64-linux-gnu --target=x86_64-linux-gnu
Thread model: posix
gcc version 4.8.4 (Ubuntu 4.8.4-2ubuntu1~14.04) 
configure:3381: $? = 0
configure:3370: gcc -V >&5
gcc: error: unrecognized command line option '-V'
gcc: fatal error: no input files
compilation terminated.
configure:3381: $? = 4
configure:3370: gcc -qversion >&5
gcc: error: unrecognized command line option '-qversion'
gcc: fatal error: no input files
compilation terminated.
configure:3381: $? = 4
configure:3401: checking whether the C compiler works
configure:3423: gcc    conftest.c  >&5
configure:3427: $? = 0
configure:3475: result: yes
configure:3478: checking for C compiler default output file name
configure:3480: result: a.out
configure:3486: checking for suffix of executables
configure:3493: gcc -o conftest    conftest.c  >&5
configure:3497: $? = 0
configure:3519: result: 
configure:3541: checking whether we are cross compiling
configure:3549: gcc -o conftest    conftest.c  >&5
configure:3553: $? = 0
configure:3560: ./conftest
configure:3564: $? = 0
configure:3579: result: no
configure:3584: checking for suffix of object files
configure:3606: gcc -c   conftest.c >&5
configure:3610: $? = 0
configure:3631: result: o
configure:3635: checking whether we are using the GNU C compiler
configure:3654: gcc -c   conftest.c >&5
configure:3654: $? = 0
configure:3663: result: yes
configure:3672: checking whether gcc accepts -g
configure:3692: gcc -c -g  conftest.c >&5
configure:3692: $? = 0
configure:3733: result: yes
configure:3750: checking for gcc option to accept ISO C89
configure:3813: gcc  -c -g -O2  conftest.c >&5
configure:3813: $? = 0
configure:3826: result: none needed
configure:3851: checking whether gcc understands -c and -o together
configure:3873: gcc -c conftest.c -o conftest2.o
configure:3876: $? = 0
configure:3873: gcc -c conftest.c -o conftest2.o
configure:3876: $? = 0
configure:3888: result: yes
configure:3916: checking for style of include used by make
configure:3944: result: GNU
configure:3970: checking dependency style of gcc
configure:4081: result: gcc3
configure:4125: checking build system type
configure:4139: result: x86_64-unknown-linux-gnu
configure:4159: checking host system type
configure:4172: result: x86_64-unknown-linux-gnu
configure:4213: checking how to print strings
configure:4240: result: printf
configure:4261: checking for a sed that does not truncate output
configure:4325: result: /bin/sed
configure:4343: checking for grep that handles long lines and -e
configure:4401: result: /bin/grep
configure:4406: checking for egrep
configure:4468: result: /bin/grep -E
configure:4473: checking for fgrep
configure:4535: result: /bin/grep -F
configure:4570: checking for ld used by gcc
configure:4637: result: /usr/bin/ld
configure:4644: checking if the linker (/usr/bin/ld) is GNU ld
configure:4659: result: yes
configure:4671: checking for BSD- or MS-compatible name lister (nm)
configure:4725: result: /usr/bin/nm -B
configure:4855: checking the name lister (/usr/bin/nm -B) interface
configure:4862: gcc -c -g -O2  conftest.c >&5
configure:4865: /usr/bin/nm -B "conftest.o"
configure:4868: output
0000000000000000 B some_variable
configure:4875: result: BSD nm
configure:4878: checking whether ln -s works
configure:4882: result: yes
configure:4890: checking the maximum length of command line arguments
configure:5021: result: 1572864
configure:5069: checking how to convert x86_64-unknown-linux-gnu file names to x86_64-unknown-linux-gnu format
configure:5109: result: func_convert_file_noop
configure:5116: checking how to convert x86_64-unknown-linux-gnu file names to toolchain format
configure:5136: result: func_convert_file_noop
configure:5143: checking for /usr/bin/ld option to reload object files
configure:5150: result: -r
configure:5224: checking for objdump
configure:5240: found /usr/bin/objdump
configure:5251: result: objdump
configure:5283: checking how to recognize dependent libraries
configure:5483: result: pass_all
configure:5568: checking for dlltool
configure:5598: result: no
configure:5628: checking how to associate runtime and link libraries
configure:5655: result: printf %s\n
configure:5716: checking for ar
configure:5732: found /usr/bin/ar
configure:5743: result: ar
configure:5780: checking for archiver @FILE support
configure:5797: gcc -c -g -O2  conftest.c >&5
configure:5797: $? = 0
configure:5800: ar cru libconftest.a @conftest.lst >&5
configure:5803: $? = 0
configure:5808: ar cru libconftest.a @conftest.lst >&5
ar: conftest.o: No such file or directory
configure:5811: $? = 1
configure:5823: result: @
configure:5881: checking for strip
configure:5897: found /usr/bin/strip
configure:5908: result: strip
configure:5980: checking for ranlib
configure:5996: found /usr/bin/ranlib
configure:6007: result: ranlib
configure:6109: checking command to parse /usr/bin/nm -B output from gcc object
configure:6262: gcc -c -g -O2  conftest.c >&5
configure:6265: $? = 0
configure:6269: /usr/bin/nm -B conftest.o \| sed -n -e 's/^.*[ ]\([ABCDGIRSTW][ABCDGIRSTW]*\)[ ][ ]*\([_A-Za-z][_A-Za-z0-9]*\)$/\1 \2 \2/p' | sed '/ __gnu_lto/d' \> conftest.nm
configure:6272: $? = 0
configure:6338: gcc -o conftest -g -O2   conftest.c conftstm.o >&5
configure:6341: $? = 0
configure:6379: result: ok
configure:6426: checking for sysroot
configure:6456: result: no
configure:6463: checking for a working dd
configure:6501: result: /bin/dd
configure:6505: checking how to truncate binary pipes
configure:6520: result: /bin/dd bs=4096 count=1
configure:6656: gcc -c -g -O2  conftest.c >&5
configure:6659: $? = 0
configure:6849: checking for mt
configure:6865: found /bin/mt
configure:6876: result: mt
configure:6899: checking if mt is a manifest tool
configure:6905: mt '-?'
configure:6913: result: no
configure:7590: checking how to run the C preprocessor
configure:7621: gcc -E  conftest.c
configure:7621: $? = 0
configure:7635: gcc -E  conftest.c
conftest.c:11:28: fatal error: ac_nonexistent.h: No such file or directory
 #include <ac_nonexistent.h>
                            ^
compilation terminated.
configure:7635: $? = 1
configure: failed program was:
| /* confdefs.h */
| #define PACKAGE_NAME "daq"
| #define PACKAGE_TARNAME "daq"
| #define PACKAGE_VERSION "2.0.6"
| #define PACKAGE_STRING "daq 2.0.6"
| #define PACKAGE_BUGREPORT "snort-team@sourcefire.com"
| #define PACKAGE_URL ""
| #define PACKAGE "daq"
| #define VERSION "2.0.6"
| /* end confdefs.h.  */
| #include <ac_nonexistent.h>
configure:7660: result: gcc -E
configure:7680: gcc -E  conftest.c
configure:7680: $? = 0
configure:7694: gcc -E  conftest.c
conftest.c:11:28: fatal error: ac_nonexistent.h: No such file or directory
 #include <ac_nonexistent.h>
                            ^
compilation terminated.
configure:7694: $? = 1
configure: failed program was:
| /* confdefs.h */
| #define PACKAGE_NAME "daq"
| #define PACKAGE_TARNAME "daq"
| #define PACKAGE_VERSION "2.0.6"
| #define PACKAGE_STRING "daq 2.0.6"
| #define PACKAGE_BUGREPORT "snort-team@sourcefire.com"
| #define PACKAGE_URL ""
| #define PACKAGE "daq"
| #define VERSION "2.0.6"
| /* end confdefs.h.  */
| #include <ac_nonexistent.h>
configure:7723: checking for ANSI C header files
configure:7743: gcc -c -g -O2  conftest.c >&5
configure:7743: $? = 0
configure:7816: gcc -o conftest -g -O2   conftest.c  >&5
configure:7816: $? = 0
configure:7816: ./conftest
configure:7816: $? = 0
configure:7827: result: yes
configure:7840: checking for sys/types.h
configure:7840: gcc -c -g -O2  conftest.c >&5
configure:7840: $? = 0
configure:7840: result: yes
configure:7840: checking for sys/stat.h
configure:7840: gcc -c -g -O2  conftest.c >&5
configure:7840: $? = 0
configure:7840: result: yes
configure:7840: checking for stdlib.h
configure:7840: gcc -c -g -O2  conftest.c >&5
configure:7840: $? = 0
configure:7840: result: yes
configure:7840: checking for string.h
configure:7840: gcc -c -g -O2  conftest.c >&5
configure:7840: $? = 0
configure:7840: result: yes
configure:7840: checking for memory.h
configure:7840: gcc -c -g -O2  conftest.c >&5
configure:7840: $? = 0
configure:7840: result: yes
configure:7840: checking for strings.h
configure:7840: gcc -c -g -O2  conftest.c >&5
configure:7840: $? = 0
configure:7840: result: yes
configure:7840: checking for inttypes.h
configure:7840: gcc -c -g -O2  conftest.c >&5
configure:7840: $? = 0
configure:7840: result: yes
configure:7840: checking for stdint.h
configure:7840: gcc -c -g -O2  conftest.c >&5
configure:7840: $? = 0
configure:7840: result: yes
configure:7840: checking for unistd.h
configure:7840: gcc -c -g -O2  conftest.c >&5
configure:7840: $? = 0
configure:7840: result: yes
configure:7854: checking for dlfcn.h
configure:7854: gcc -c -g -O2  conftest.c >&5
configure:7854: $? = 0
configure:7854: result: yes
configure:8110: checking for objdir
configure:8125: result: .libs
configure:8389: checking if gcc supports -fno-rtti -fno-exceptions
configure:8407: gcc -c -g -O2  -fno-rtti -fno-exceptions conftest.c >&5
cc1: warning: command line option '-fno-rtti' is valid for C++/ObjC++ but not for C [enabled by default]
configure:8411: $? = 0
configure:8424: result: no
configure:8782: checking for gcc option to produce PIC
configure:8789: result: -fPIC -DPIC
configure:8797: checking if gcc PIC flag -fPIC -DPIC works
configure:8815: gcc -c -g -O2  -fPIC -DPIC -DPIC conftest.c >&5
configure:8819: $? = 0
configure:8832: result: yes
configure:8861: checking if gcc static flag -static works
configure:8889: result: yes
configure:8904: checking if gcc supports -c -o file.o
configure:8925: gcc -c -g -O2  -o out/conftest2.o conftest.c >&5
configure:8929: $? = 0
configure:8951: result: yes
configure:8959: checking if gcc supports -c -o file.o
configure:9006: result: yes
configure:9039: checking whether the gcc linker (/usr/bin/ld -m elf_x86_64) supports shared libraries
configure:10298: result: yes
configure:10335: checking whether -lc should be explicitly linked in
configure:10343: gcc -c -g -O2  conftest.c >&5
configure:10346: $? = 0
configure:10361: gcc -shared  -fPIC -DPIC conftest.o  -v -Wl,-soname -Wl,conftest -o conftest 2\>\&1 \| /bin/grep  -lc  \>/dev/null 2\>\&1
configure:10364: $? = 0
configure:10378: result: no
configure:10538: checking dynamic linker characteristics
configure:11119: gcc -o conftest -g -O2   -Wl,-rpath -Wl,/foo conftest.c  >&5
configure:11119: $? = 0
configure:11356: result: GNU/Linux ld.so
configure:11478: checking how to hardcode library paths into programs
configure:11503: result: immediate
configure:12051: checking whether stripping libraries is possible
configure:12056: result: yes
configure:12091: checking if libtool supports shared libraries
configure:12093: result: yes
configure:12096: checking whether to build shared libraries
configure:12121: result: yes
configure:12124: checking whether to build static libraries
configure:12128: result: yes
configure:12169: checking for visibility support
configure:12194: gcc -c -g -O2 -Werror -fvisibility=hidden  conftest.c >&5
configure:12194: $? = 0
configure:12203: result: yes
configure:12234: checking CFLAGS for gcc -Wall
configure:12261: gcc -c -g -O2 -fvisibility=hidden -pedantic -Werror  -Wall  conftest.c >&5
configure:12261: $? = 0
configure:12275: result: -Wall
configure:12288: : CFLAGS="$CFLAGS $var"
configure:12291: $? = 0
configure:12298: checking CFLAGS for gcc -Wwrite-strings
configure:12325: gcc -c -g -O2 -fvisibility=hidden -Wall -pedantic -Werror  -Wwrite-strings  conftest.c >&5
configure:12325: $? = 0
configure:12339: result: -Wwrite-strings
configure:12352: : CFLAGS="$CFLAGS $var"
configure:12355: $? = 0
configure:12362: checking CFLAGS for gcc -Wsign-compare
configure:12389: gcc -c -g -O2 -fvisibility=hidden -Wall -Wwrite-strings -pedantic -Werror  -Wsign-compare  conftest.c >&5
configure:12389: $? = 0
configure:12403: result: -Wsign-compare
configure:12416: : CFLAGS="$CFLAGS $var"
configure:12419: $? = 0
configure:12426: checking CFLAGS for gcc -Wcast-align
configure:12453: gcc -c -g -O2 -fvisibility=hidden -Wall -Wwrite-strings -Wsign-compare -pedantic -Werror  -Wcast-align  conftest.c >&5
configure:12453: $? = 0
configure:12467: result: -Wcast-align
configure:12480: : CFLAGS="$CFLAGS $var"
configure:12483: $? = 0
configure:12490: checking CFLAGS for gcc -Wextra
configure:12517: gcc -c -g -O2 -fvisibility=hidden -Wall -Wwrite-strings -Wsign-compare -Wcast-align -pedantic -Werror  -Wextra  conftest.c >&5
configure:12517: $? = 0
configure:12531: result: -Wextra
configure:12544: : CFLAGS="$CFLAGS $var"
configure:12547: $? = 0
configure:12554: checking CFLAGS for gcc -Wformat
configure:12581: gcc -c -g -O2 -fvisibility=hidden -Wall -Wwrite-strings -Wsign-compare -Wcast-align -Wextra -pedantic -Werror  -Wformat  conftest.c >&5
configure:12581: $? = 0
configure:12595: result: -Wformat
configure:12608: : CFLAGS="$CFLAGS $var"
configure:12611: $? = 0
configure:12618: checking CFLAGS for gcc -Wformat-security
configure:12645: gcc -c -g -O2 -fvisibility=hidden -Wall -Wwrite-strings -Wsign-compare -Wcast-align -Wextra -Wformat -pedantic -Werror  -Wformat-security  conftest.c >&5
configure:12645: $? = 0
configure:12659: result: -Wformat-security
configure:12672: : CFLAGS="$CFLAGS $var"
configure:12675: $? = 0
configure:12682: checking CFLAGS for gcc -Wno-unused-parameter
configure:12709: gcc -c -g -O2 -fvisibility=hidden -Wall -Wwrite-strings -Wsign-compare -Wcast-align -Wextra -Wformat -Wformat-security -pedantic -Werror  -Wno-unused-parameter  conftest.c >&5
configure:12709: $? = 0
configure:12723: result: -Wno-unused-parameter
configure:12736: : CFLAGS="$CFLAGS $var"
configure:12739: $? = 0
configure:12746: checking CFLAGS for gcc -fno-strict-aliasing
configure:12773: gcc -c -g -O2 -fvisibility=hidden -Wall -Wwrite-strings -Wsign-compare -Wcast-align -Wextra -Wformat -Wformat-security -Wno-unused-parameter -pedantic -Werror  -fno-strict-aliasing  conftest.c >&5
configure:12773: $? = 0
configure:12787: result: -fno-strict-aliasing
configure:12800: : CFLAGS="$CFLAGS $var"
configure:12803: $? = 0
configure:12810: checking CFLAGS for gcc -fdiagnostics-show-option
configure:12837: gcc -c -g -O2 -fvisibility=hidden -Wall -Wwrite-strings -Wsign-compare -Wcast-align -Wextra -Wformat -Wformat-security -Wno-unused-parameter -fno-strict-aliasing -pedantic -Werror  -fdiagnostics-show-option  conftest.c >&5
configure:12837: $? = 0
configure:12851: result: -fdiagnostics-show-option
configure:12864: : CFLAGS="$CFLAGS $var"
configure:12867: $? = 0
configure:12874: checking CFLAGS for gcc -pedantic -std=c99 -D_GNU_SOURCE
configure:12901: gcc -c -g -O2 -fvisibility=hidden -Wall -Wwrite-strings -Wsign-compare -Wcast-align -Wextra -Wformat -Wformat-security -Wno-unused-parameter -fno-strict-aliasing -fdiagnostics-show-option -pedantic -Werror  -pedantic -std=c99 -D_GNU_SOURCE  conftest.c >&5
configure:12901: $? = 0
configure:12915: result: -pedantic -std=c99 -D_GNU_SOURCE
configure:12928: : CFLAGS="$CFLAGS $var"
configure:12931: $? = 0
configure:12950: checking for getaddrinfo
configure:12950: gcc -o conftest -g -O2 -fvisibility=hidden -Wall -Wwrite-strings -Wsign-compare -Wcast-align -Wextra -Wformat -Wformat-security -Wno-unused-parameter -fno-strict-aliasing -fdiagnostics-show-option -pedantic -std=c99 -D_GNU_SOURCE   conftest.c  >&5
configure:12950: $? = 0
configure:12950: result: yes
configure:12990: checking for flex
configure:13006: found /usr/bin/flex
configure:13017: result: flex
configure:13032: checking for flex 2.4 or higher
configure:13044: result: yes
configure:13060: checking for bison
configure:13076: found /usr/bin/bison
configure:13087: result: bison
configure:13265: checking linux/if_ether.h usability
configure:13265: gcc -c -g -O2 -fvisibility=hidden -Wall -Wwrite-strings -Wsign-compare -Wcast-align -Wextra -Wformat -Wformat-security -Wno-unused-parameter -fno-strict-aliasing -fdiagnostics-show-option -pedantic -std=c99 -D_GNU_SOURCE  -I/usr/include -I/home/justin/Bureau/dpdk-2.2.0/x86_64-native-linuxapp-gcc/include conftest.c >&5
configure:13265: $? = 0
configure:13265: result: yes
configure:13265: checking linux/if_ether.h presence
configure:13265: gcc -E  -I/usr/include -I/home/justin/Bureau/dpdk-2.2.0/x86_64-native-linuxapp-gcc/include conftest.c
configure:13265: $? = 0
configure:13265: result: yes
configure:13265: checking for linux/if_ether.h
configure:13265: result: yes
configure:13265: checking linux/if_packet.h usability
configure:13265: gcc -c -g -O2 -fvisibility=hidden -Wall -Wwrite-strings -Wsign-compare -Wcast-align -Wextra -Wformat -Wformat-security -Wno-unused-parameter -fno-strict-aliasing -fdiagnostics-show-option -pedantic -std=c99 -D_GNU_SOURCE  -I/usr/include -I/home/justin/Bureau/dpdk-2.2.0/x86_64-native-linuxapp-gcc/include conftest.c >&5
configure:13265: $? = 0
configure:13265: result: yes
configure:13265: checking linux/if_packet.h presence
configure:13265: gcc -E  -I/usr/include -I/home/justin/Bureau/dpdk-2.2.0/x86_64-native-linuxapp-gcc/include conftest.c
configure:13265: $? = 0
configure:13265: result: yes
configure:13265: checking for linux/if_packet.h
configure:13265: result: yes
configure:13277: checking whether TPACKET2_HDRLEN is declared
configure:13277: gcc -c -g -O2 -fvisibility=hidden -Wall -Wwrite-strings -Wsign-compare -Wcast-align -Wextra -Wformat -Wformat-security -Wno-unused-parameter -fno-strict-aliasing -fdiagnostics-show-option -pedantic -std=c99 -D_GNU_SOURCE  -I/usr/include -I/home/justin/Bureau/dpdk-2.2.0/x86_64-native-linuxapp-gcc/include conftest.c >&5
configure:13277: $? = 0
configure:13277: result: yes
configure:13293: checking whether PACKET_TX_RING is declared
configure:13293: gcc -c -g -O2 -fvisibility=hidden -Wall -Wwrite-strings -Wsign-compare -Wcast-align -Wextra -Wformat -Wformat-security -Wno-unused-parameter -fno-strict-aliasing -fdiagnostics-show-option -pedantic -std=c99 -D_GNU_SOURCE  -I/usr/include -I/home/justin/Bureau/dpdk-2.2.0/x86_64-native-linuxapp-gcc/include conftest.c >&5
configure:13293: $? = 0
configure:13293: result: yes
configure:13332: checking pcap.h usability
configure:13332: gcc -c -g -O2 -fvisibility=hidden -Wall -Wwrite-strings -Wsign-compare -Wcast-align -Wextra -Wformat -Wformat-security -Wno-unused-parameter -fno-strict-aliasing -fdiagnostics-show-option -pedantic -std=c99 -D_GNU_SOURCE  -I/usr/include -I/home/justin/Bureau/dpdk-2.2.0/x86_64-native-linuxapp-gcc/include conftest.c >&5
configure:13332: $? = 0
configure:13332: result: yes
configure:13332: checking pcap.h presence
configure:13332: gcc -E  -I/usr/include -I/home/justin/Bureau/dpdk-2.2.0/x86_64-native-linuxapp-gcc/include conftest.c
configure:13332: $? = 0
configure:13332: result: yes
configure:13332: checking for pcap.h
configure:13332: result: yes
configure:13340: checking for pcap_lib_version in -lpcap
configure:13365: gcc -o conftest -g -O2 -fvisibility=hidden -Wall -Wwrite-strings -Wsign-compare -Wcast-align -Wextra -Wformat -Wformat-security -Wno-unused-parameter -fno-strict-aliasing -fdiagnostics-show-option -pedantic -std=c99 -D_GNU_SOURCE  -I/usr/include -I/home/justin/Bureau/dpdk-2.2.0/x86_64-native-linuxapp-gcc/include  conftest.c -lpcap   >&5
configure:13365: $? = 0
configure:13374: result: yes
configure:13432: checking netinet/in.h usability
configure:13432: gcc -c -g -O2 -fvisibility=hidden -Wall -Wwrite-strings -Wsign-compare -Wcast-align -Wextra -Wformat -Wformat-security -Wno-unused-parameter -fno-strict-aliasing -fdiagnostics-show-option -pedantic -std=c99 -D_GNU_SOURCE  -I/usr/include -I/home/justin/Bureau/dpdk-2.2.0/x86_64-native-linuxapp-gcc/include conftest.c >&5
configure:13432: $? = 0
configure:13432: result: yes
configure:13432: checking netinet/in.h presence
configure:13432: gcc -E  -I/usr/include -I/home/justin/Bureau/dpdk-2.2.0/x86_64-native-linuxapp-gcc/include conftest.c
configure:13432: $? = 0
configure:13432: result: yes
configure:13432: checking for netinet/in.h
configure:13432: result: yes
configure:13432: checking libipq.h usability
configure:13432: gcc -c -g -O2 -fvisibility=hidden -Wall -Wwrite-strings -Wsign-compare -Wcast-align -Wextra -Wformat -Wformat-security -Wno-unused-parameter -fno-strict-aliasing -fdiagnostics-show-option -pedantic -std=c99 -D_GNU_SOURCE  -I/usr/include -I/home/justin/Bureau/dpdk-2.2.0/x86_64-native-linuxapp-gcc/include conftest.c >&5
conftest.c:64:20: fatal error: libipq.h: No such file or directory
 #include <libipq.h>
                    ^
compilation terminated.
configure:13432: $? = 1
configure: failed program was:
| /* confdefs.h */
| #define PACKAGE_NAME "daq"
| #define PACKAGE_TARNAME "daq"
| #define PACKAGE_VERSION "2.0.6"
| #define PACKAGE_STRING "daq 2.0.6"
| #define PACKAGE_BUGREPORT "snort-team@sourcefire.com"
| #define PACKAGE_URL ""
| #define PACKAGE "daq"
| #define VERSION "2.0.6"
| #define STDC_HEADERS 1
| #define HAVE_SYS_TYPES_H 1
| #define HAVE_SYS_STAT_H 1
| #define HAVE_STDLIB_H 1
| #define HAVE_STRING_H 1
| #define HAVE_MEMORY_H 1
| #define HAVE_STRINGS_H 1
| #define HAVE_INTTYPES_H 1
| #define HAVE_STDINT_H 1
| #define HAVE_UNISTD_H 1
| #define HAVE_DLFCN_H 1
| #define LT_OBJDIR ".libs/"
| #define HAVE_VISIBILITY 1
| #define INET6 1
| #define HAVE_LINUX_IF_ETHER_H 1
| #define HAVE_LINUX_IF_PACKET_H 1
| #define HAVE_DECL_TPACKET2_HDRLEN 1
| #define HAVE_DECL_PACKET_TX_RING 1
| #define HAVE_LIBPCAP 1
| #define HAVE_NETINET_IN_H 1
| /* end confdefs.h.  */
| #include <stdio.h>
| #ifdef HAVE_SYS_TYPES_H
| # include <sys/types.h>
| #endif
| #ifdef HAVE_SYS_STAT_H
| # include <sys/stat.h>
| #endif
| #ifdef STDC_HEADERS
| # include <stdlib.h>
| # include <stddef.h>
| #else
| # ifdef HAVE_STDLIB_H
| #  include <stdlib.h>
| # endif
| #endif
| #ifdef HAVE_STRING_H
| # if !defined STDC_HEADERS && defined HAVE_MEMORY_H
| #  include <memory.h>
| # endif
| # include <string.h>
| #endif
| #ifdef HAVE_STRINGS_H
| # include <strings.h>
| #endif
| #ifdef HAVE_INTTYPES_H
| # include <inttypes.h>
| #endif
| #ifdef HAVE_STDINT_H
| # include <stdint.h>
| #endif
| #ifdef HAVE_UNISTD_H
| # include <unistd.h>
| #endif
| #include <libipq.h>
configure:13432: result: no
configure:13432: checking libipq.h presence
configure:13432: gcc -E  -I/usr/include -I/home/justin/Bureau/dpdk-2.2.0/x86_64-native-linuxapp-gcc/include conftest.c
conftest.c:31:20: fatal error: libipq.h: No such file or directory
 #include <libipq.h>
                    ^
compilation terminated.
configure:13432: $? = 1
configure: failed program was:
| /* confdefs.h */
| #define PACKAGE_NAME "daq"
| #define PACKAGE_TARNAME "daq"
| #define PACKAGE_VERSION "2.0.6"
| #define PACKAGE_STRING "daq 2.0.6"
| #define PACKAGE_BUGREPORT "snort-team@sourcefire.com"
| #define PACKAGE_URL ""
| #define PACKAGE "daq"
| #define VERSION "2.0.6"
| #define STDC_HEADERS 1
| #define HAVE_SYS_TYPES_H 1
| #define HAVE_SYS_STAT_H 1
| #define HAVE_STDLIB_H 1
| #define HAVE_STRING_H 1
| #define HAVE_MEMORY_H 1
| #define HAVE_STRINGS_H 1
| #define HAVE_INTTYPES_H 1
| #define HAVE_STDINT_H 1
| #define HAVE_UNISTD_H 1
| #define HAVE_DLFCN_H 1
| #define LT_OBJDIR ".libs/"
| #define HAVE_VISIBILITY 1
| #define INET6 1
| #define HAVE_LINUX_IF_ETHER_H 1
| #define HAVE_LINUX_IF_PACKET_H 1
| #define HAVE_DECL_TPACKET2_HDRLEN 1
| #define HAVE_DECL_PACKET_TX_RING 1
| #define HAVE_LIBPCAP 1
| #define HAVE_NETINET_IN_H 1
| /* end confdefs.h.  */
| #include <libipq.h>
configure:13432: result: no
configure:13432: checking for libipq.h
configure:13432: result: no
configure:13444: checking for linux/netfilter.h
configure:13444: gcc -c -g -O2 -fvisibility=hidden -Wall -Wwrite-strings -Wsign-compare -Wcast-align -Wextra -Wformat -Wformat-security -Wno-unused-parameter -fno-strict-aliasing -fdiagnostics-show-option -pedantic -std=c99 -D_GNU_SOURCE  -I/usr/include -I/home/justin/Bureau/dpdk-2.2.0/x86_64-native-linuxapp-gcc/include conftest.c >&5
configure:13444: $? = 0
configure:13444: result: yes
configure:13480: checking for netinet/in.h
configure:13480: result: yes
configure:13480: checking libnetfilter_queue/libnetfilter_queue.h usability
configure:13480: gcc -c -g -O2 -fvisibility=hidden -Wall -Wwrite-strings -Wsign-compare -Wcast-align -Wextra -Wformat -Wformat-security -Wno-unused-parameter -fno-strict-aliasing -fdiagnostics-show-option -pedantic -std=c99 -D_GNU_SOURCE  -I/usr/include -I/home/justin/Bureau/dpdk-2.2.0/x86_64-native-linuxapp-gcc/include conftest.c >&5
conftest.c:65:51: fatal error: libnetfilter_queue/libnetfilter_queue.h: No such file or directory
 #include <libnetfilter_queue/libnetfilter_queue.h>
                                                   ^
compilation terminated.
configure:13480: $? = 1
configure: failed program was:
| /* confdefs.h */
| #define PACKAGE_NAME "daq"
| #define PACKAGE_TARNAME "daq"
| #define PACKAGE_VERSION "2.0.6"
| #define PACKAGE_STRING "daq 2.0.6"
| #define PACKAGE_BUGREPORT "snort-team@sourcefire.com"
| #define PACKAGE_URL ""
| #define PACKAGE "daq"
| #define VERSION "2.0.6"
| #define STDC_HEADERS 1
| #define HAVE_SYS_TYPES_H 1
| #define HAVE_SYS_STAT_H 1
| #define HAVE_STDLIB_H 1
| #define HAVE_STRING_H 1
| #define HAVE_MEMORY_H 1
| #define HAVE_STRINGS_H 1
| #define HAVE_INTTYPES_H 1
| #define HAVE_STDINT_H 1
| #define HAVE_UNISTD_H 1
| #define HAVE_DLFCN_H 1
| #define LT_OBJDIR ".libs/"
| #define HAVE_VISIBILITY 1
| #define INET6 1
| #define HAVE_LINUX_IF_ETHER_H 1
| #define HAVE_LINUX_IF_PACKET_H 1
| #define HAVE_DECL_TPACKET2_HDRLEN 1
| #define HAVE_DECL_PACKET_TX_RING 1
| #define HAVE_LIBPCAP 1
| #define HAVE_NETINET_IN_H 1
| #define HAVE_NETINET_IN_H 1
| /* end confdefs.h.  */
| #include <stdio.h>
| #ifdef HAVE_SYS_TYPES_H
| # include <sys/types.h>
| #endif
| #ifdef HAVE_SYS_STAT_H
| # include <sys/stat.h>
| #endif
| #ifdef STDC_HEADERS
| # include <stdlib.h>
| # include <stddef.h>
| #else
| # ifdef HAVE_STDLIB_H
| #  include <stdlib.h>
| # endif
| #endif
| #ifdef HAVE_STRING_H
| # if !defined STDC_HEADERS && defined HAVE_MEMORY_H
| #  include <memory.h>
| # endif
| # include <string.h>
| #endif
| #ifdef HAVE_STRINGS_H
| # include <strings.h>
| #endif
| #ifdef HAVE_INTTYPES_H
| # include <inttypes.h>
| #endif
| #ifdef HAVE_STDINT_H
| # include <stdint.h>
| #endif
| #ifdef HAVE_UNISTD_H
| # include <unistd.h>
| #endif
| #include <libnetfilter_queue/libnetfilter_queue.h>
configure:13480: result: no
configure:13480: checking libnetfilter_queue/libnetfilter_queue.h presence
configure:13480: gcc -E  -I/usr/include -I/home/justin/Bureau/dpdk-2.2.0/x86_64-native-linuxapp-gcc/include conftest.c
conftest.c:32:51: fatal error: libnetfilter_queue/libnetfilter_queue.h: No such file or directory
 #include <libnetfilter_queue/libnetfilter_queue.h>
                                                   ^
compilation terminated.
configure:13480: $? = 1
configure: failed program was:
| /* confdefs.h */
| #define PACKAGE_NAME "daq"
| #define PACKAGE_TARNAME "daq"
| #define PACKAGE_VERSION "2.0.6"
| #define PACKAGE_STRING "daq 2.0.6"
| #define PACKAGE_BUGREPORT "snort-team@sourcefire.com"
| #define PACKAGE_URL ""
| #define PACKAGE "daq"
| #define VERSION "2.0.6"
| #define STDC_HEADERS 1
| #define HAVE_SYS_TYPES_H 1
| #define HAVE_SYS_STAT_H 1
| #define HAVE_STDLIB_H 1
| #define HAVE_STRING_H 1
| #define HAVE_MEMORY_H 1
| #define HAVE_STRINGS_H 1
| #define HAVE_INTTYPES_H 1
| #define HAVE_STDINT_H 1
| #define HAVE_UNISTD_H 1
| #define HAVE_DLFCN_H 1
| #define LT_OBJDIR ".libs/"
| #define HAVE_VISIBILITY 1
| #define INET6 1
| #define HAVE_LINUX_IF_ETHER_H 1
| #define HAVE_LINUX_IF_PACKET_H 1
| #define HAVE_DECL_TPACKET2_HDRLEN 1
| #define HAVE_DECL_PACKET_TX_RING 1
| #define HAVE_LIBPCAP 1
| #define HAVE_NETINET_IN_H 1
| #define HAVE_NETINET_IN_H 1
| /* end confdefs.h.  */
| #include <libnetfilter_queue/libnetfilter_queue.h>
configure:13480: result: no
configure:13480: checking for libnetfilter_queue/libnetfilter_queue.h
configure:13480: result: no
configure:13492: checking for linux/netfilter.h
configure:13492: result: yes
configure:13525: checking for pcap.h
configure:13525: result: yes
configure:13535: checking for pcap_lib_version
configure:13537: checking for pcap_lib_version in -lpcap
configure:13571: result: yes
configure:13586: checking for libpcap version >= "1.0.0"
configure:13616: gcc -o conftest -g -O2 -fvisibility=hidden -Wall -Wwrite-strings -Wsign-compare -Wcast-align -Wextra -Wformat -Wformat-security -Wno-unused-parameter -fno-strict-aliasing -fdiagnostics-show-option -pedantic -std=c99 -D_GNU_SOURCE  -I/usr/include -I/home/justin/Bureau/dpdk-2.2.0/x86_64-native-linuxapp-gcc/include  conftest.c -lpcap -lpcap  >&5
configure:13616: $? = 0
configure:13616: ./conftest
configure:13616: $? = 0
configure:13626: result: yes
configure:13661: checking for net/netmap.h
configure:13661: gcc -c -g -O2 -fvisibility=hidden -Wall -Wwrite-strings -Wsign-compare -Wcast-align -Wextra -Wformat -Wformat-security -Wno-unused-parameter -fno-strict-aliasing -fdiagnostics-show-option -pedantic -std=c99 -D_GNU_SOURCE  -I/usr/include -I/home/justin/Bureau/dpdk-2.2.0/x86_64-native-linuxapp-gcc/include conftest.c >&5
conftest.c:38:24: fatal error: net/netmap.h: No such file or directory
 #include <net/netmap.h>
                        ^
compilation terminated.
configure:13661: $? = 1
configure: failed program was:
| /* confdefs.h */
| #define PACKAGE_NAME "daq"
| #define PACKAGE_TARNAME "daq"
| #define PACKAGE_VERSION "2.0.6"
| #define PACKAGE_STRING "daq 2.0.6"
| #define PACKAGE_BUGREPORT "snort-team@sourcefire.com"
| #define PACKAGE_URL ""
| #define PACKAGE "daq"
| #define VERSION "2.0.6"
| #define STDC_HEADERS 1
| #define HAVE_SYS_TYPES_H 1
| #define HAVE_SYS_STAT_H 1
| #define HAVE_STDLIB_H 1
| #define HAVE_STRING_H 1
| #define HAVE_MEMORY_H 1
| #define HAVE_STRINGS_H 1
| #define HAVE_INTTYPES_H 1
| #define HAVE_STDINT_H 1
| #define HAVE_UNISTD_H 1
| #define HAVE_DLFCN_H 1
| #define LT_OBJDIR ".libs/"
| #define HAVE_VISIBILITY 1
| #define INET6 1
| #define HAVE_LINUX_IF_ETHER_H 1
| #define HAVE_LINUX_IF_PACKET_H 1
| #define HAVE_DECL_TPACKET2_HDRLEN 1
| #define HAVE_DECL_PACKET_TX_RING 1
| #define HAVE_LIBPCAP 1
| #define HAVE_NETINET_IN_H 1
| #define HAVE_NETINET_IN_H 1
| /* end confdefs.h.  */
| 
|                       #include <stdint.h>
|                       #include <sys/socket.h>
|                       #include <net/if.h>
| 
| 
| #include <net/netmap.h>
configure:13661: result: no
configure:13661: checking for net/netmap_user.h
configure:13661: gcc -c -g -O2 -fvisibility=hidden -Wall -Wwrite-strings -Wsign-compare -Wcast-align -Wextra -Wformat -Wformat-security -Wno-unused-parameter -fno-strict-aliasing -fdiagnostics-show-option -pedantic -std=c99 -D_GNU_SOURCE  -I/usr/include -I/home/justin/Bureau/dpdk-2.2.0/x86_64-native-linuxapp-gcc/include conftest.c >&5
conftest.c:38:29: fatal error: net/netmap_user.h: No such file or directory
 #include <net/netmap_user.h>
                             ^
compilation terminated.
configure:13661: $? = 1
configure: failed program was:
| /* confdefs.h */
| #define PACKAGE_NAME "daq"
| #define PACKAGE_TARNAME "daq"
| #define PACKAGE_VERSION "2.0.6"
| #define PACKAGE_STRING "daq 2.0.6"
| #define PACKAGE_BUGREPORT "snort-team@sourcefire.com"
| #define PACKAGE_URL ""
| #define PACKAGE "daq"
| #define VERSION "2.0.6"
| #define STDC_HEADERS 1
| #define HAVE_SYS_TYPES_H 1
| #define HAVE_SYS_STAT_H 1
| #define HAVE_STDLIB_H 1
| #define HAVE_STRING_H 1
| #define HAVE_MEMORY_H 1
| #define HAVE_STRINGS_H 1
| #define HAVE_INTTYPES_H 1
| #define HAVE_STDINT_H 1
| #define HAVE_UNISTD_H 1
| #define HAVE_DLFCN_H 1
| #define LT_OBJDIR ".libs/"
| #define HAVE_VISIBILITY 1
| #define INET6 1
| #define HAVE_LINUX_IF_ETHER_H 1
| #define HAVE_LINUX_IF_PACKET_H 1
| #define HAVE_DECL_TPACKET2_HDRLEN 1
| #define HAVE_DECL_PACKET_TX_RING 1
| #define HAVE_LIBPCAP 1
| #define HAVE_NETINET_IN_H 1
| #define HAVE_NETINET_IN_H 1
| /* end confdefs.h.  */
| 
|                       #include <stdint.h>
|                       #include <sys/socket.h>
|                       #include <net/if.h>
| 
| 
| #include <net/netmap_user.h>
configure:13661: result: no
configure:13678: checking whether NETMAP_API is declared
configure:13678: gcc -c -g -O2 -fvisibility=hidden -Wall -Wwrite-strings -Wsign-compare -Wcast-align -Wextra -Wformat -Wformat-security -Wno-unused-parameter -fno-strict-aliasing -fdiagnostics-show-option -pedantic -std=c99 -D_GNU_SOURCE  -I/usr/include -I/home/justin/Bureau/dpdk-2.2.0/x86_64-native-linuxapp-gcc/include conftest.c >&5
conftest.c:36:43: fatal error: net/netmap.h: No such file or directory
                    #include <net/netmap.h>
                                           ^
compilation terminated.
configure:13678: $? = 1
configure: failed program was:
| /* confdefs.h */
| #define PACKAGE_NAME "daq"
| #define PACKAGE_TARNAME "daq"
| #define PACKAGE_VERSION "2.0.6"
| #define PACKAGE_STRING "daq 2.0.6"
| #define PACKAGE_BUGREPORT "snort-team@sourcefire.com"
| #define PACKAGE_URL ""
| #define PACKAGE "daq"
| #define VERSION "2.0.6"
| #define STDC_HEADERS 1
| #define HAVE_SYS_TYPES_H 1
| #define HAVE_SYS_STAT_H 1
| #define HAVE_STDLIB_H 1
| #define HAVE_STRING_H 1
| #define HAVE_MEMORY_H 1
| #define HAVE_STRINGS_H 1
| #define HAVE_INTTYPES_H 1
| #define HAVE_STDINT_H 1
| #define HAVE_UNISTD_H 1
| #define HAVE_DLFCN_H 1
| #define LT_OBJDIR ".libs/"
| #define HAVE_VISIBILITY 1
| #define INET6 1
| #define HAVE_LINUX_IF_ETHER_H 1
| #define HAVE_LINUX_IF_PACKET_H 1
| #define HAVE_DECL_TPACKET2_HDRLEN 1
| #define HAVE_DECL_PACKET_TX_RING 1
| #define HAVE_LIBPCAP 1
| #define HAVE_NETINET_IN_H 1
| #define HAVE_NETINET_IN_H 1
| /* end confdefs.h.  */
| 
|                    #include <stdint.h>
|                    #include <sys/socket.h>
|                    #include <net/if.h>
|                    #include <net/netmap.h>
| 
| 
| int
| main ()
| {
| #ifndef NETMAP_API
| #ifdef __cplusplus
|   (void) NETMAP_API;
| #else
|   (void) NETMAP_API;
| #endif
| #endif
| 
|   ;
|   return 0;
| }
configure:13678: result: no
configure:13713: checking rte_config.h usability
configure:13713: gcc -c -g -O2 -fvisibility=hidden -Wall -Wwrite-strings -Wsign-compare -Wcast-align -Wextra -Wformat -Wformat-security -Wno-unused-parameter -fno-strict-aliasing -fdiagnostics-show-option -pedantic -std=c99 -D_GNU_SOURCE  -I/usr/include -I/home/justin/Bureau/dpdk-2.2.0/x86_64-native-linuxapp-gcc/include conftest.c >&5
configure:13713: $? = 0
configure:13713: result: yes
configure:13713: checking rte_config.h presence
configure:13713: gcc -E  -I/usr/include -I/home/justin/Bureau/dpdk-2.2.0/x86_64-native-linuxapp-gcc/include conftest.c
configure:13713: $? = 0
configure:13713: result: yes
configure:13713: checking for rte_config.h
configure:13713: result: yes
configure:13744: checking for rte_config.h
configure:13744: result: yes
configure:13942: checking for dlopen in -ldl
configure:13967: gcc -o conftest -g -O2 -fvisibility=hidden -Wall -Wwrite-strings -Wsign-compare -Wcast-align -Wextra -Wformat -Wformat-security -Wno-unused-parameter -fno-strict-aliasing -fdiagnostics-show-option -pedantic -std=c99 -D_GNU_SOURCE -std=gnu99 -Wno-pedantic -std=gnu99 -Wno-pedantic  -I/usr/include -I/home/justin/Bureau/dpdk-2.2.0/x86_64-native-linuxapp-gcc/include  conftest.c -ldl   >&5
configure:13967: $? = 0
configure:13976: result: yes
configure:13996: checking for inttypes.h
configure:13996: result: yes
configure:13996: checking for memory.h
configure:13996: result: yes
configure:13996: checking netdb.h usability
configure:13996: gcc -c -g -O2 -fvisibility=hidden -Wall -Wwrite-strings -Wsign-compare -Wcast-align -Wextra -Wformat -Wformat-security -Wno-unused-parameter -fno-strict-aliasing -fdiagnostics-show-option -pedantic -std=c99 -D_GNU_SOURCE -std=gnu99 -Wno-pedantic -std=gnu99 -Wno-pedantic  -I/usr/include -I/home/justin/Bureau/dpdk-2.2.0/x86_64-native-linuxapp-gcc/include conftest.c >&5
configure:13996: $? = 0
configure:13996: result: yes
configure:13996: checking netdb.h presence
configure:13996: gcc -E  -I/usr/include -I/home/justin/Bureau/dpdk-2.2.0/x86_64-native-linuxapp-gcc/include conftest.c
configure:13996: $? = 0
configure:13996: result: yes
configure:13996: checking for netdb.h
configure:13996: result: yes
configure:13996: checking for netinet/in.h
configure:13996: result: yes
configure:13996: checking for stdint.h
configure:13996: result: yes
configure:13996: checking for stdlib.h
configure:13996: result: yes
configure:13996: checking for string.h
configure:13996: result: yes
configure:13996: checking sys/ioctl.h usability
configure:13996: gcc -c -g -O2 -fvisibility=hidden -Wall -Wwrite-strings -Wsign-compare -Wcast-align -Wextra -Wformat -Wformat-security -Wno-unused-parameter -fno-strict-aliasing -fdiagnostics-show-option -pedantic -std=c99 -D_GNU_SOURCE -std=gnu99 -Wno-pedantic -std=gnu99 -Wno-pedantic  -I/usr/include -I/home/justin/Bureau/dpdk-2.2.0/x86_64-native-linuxapp-gcc/include conftest.c >&5
configure:13996: $? = 0
configure:13996: result: yes
configure:13996: checking sys/ioctl.h presence
configure:13996: gcc -E  -I/usr/include -I/home/justin/Bureau/dpdk-2.2.0/x86_64-native-linuxapp-gcc/include conftest.c
configure:13996: $? = 0
configure:13996: result: yes
configure:13996: checking for sys/ioctl.h
configure:13996: result: yes
configure:13996: checking sys/param.h usability
configure:13996: gcc -c -g -O2 -fvisibility=hidden -Wall -Wwrite-strings -Wsign-compare -Wcast-align -Wextra -Wformat -Wformat-security -Wno-unused-parameter -fno-strict-aliasing -fdiagnostics-show-option -pedantic -std=c99 -D_GNU_SOURCE -std=gnu99 -Wno-pedantic -std=gnu99 -Wno-pedantic  -I/usr/include -I/home/justin/Bureau/dpdk-2.2.0/x86_64-native-linuxapp-gcc/include conftest.c >&5
configure:13996: $? = 0
configure:13996: result: yes
configure:13996: checking sys/param.h presence
configure:13996: gcc -E  -I/usr/include -I/home/justin/Bureau/dpdk-2.2.0/x86_64-native-linuxapp-gcc/include conftest.c
configure:13996: $? = 0
configure:13996: result: yes
configure:13996: checking for sys/param.h
configure:13996: result: yes
configure:13996: checking sys/socket.h usability
configure:13996: gcc -c -g -O2 -fvisibility=hidden -Wall -Wwrite-strings -Wsign-compare -Wcast-align -Wextra -Wformat -Wformat-security -Wno-unused-parameter -fno-strict-aliasing -fdiagnostics-show-option -pedantic -std=c99 -D_GNU_SOURCE -std=gnu99 -Wno-pedantic -std=gnu99 -Wno-pedantic  -I/usr/include -I/home/justin/Bureau/dpdk-2.2.0/x86_64-native-linuxapp-gcc/include conftest.c >&5
configure:13996: $? = 0
configure:13996: result: yes
configure:13996: checking sys/socket.h presence
configure:13996: gcc -E  -I/usr/include -I/home/justin/Bureau/dpdk-2.2.0/x86_64-native-linuxapp-gcc/include conftest.c
configure:13996: $? = 0
configure:13996: result: yes
configure:13996: checking for sys/socket.h
configure:13996: result: yes
configure:13996: checking sys/time.h usability
configure:13996: gcc -c -g -O2 -fvisibility=hidden -Wall -Wwrite-strings -Wsign-compare -Wcast-align -Wextra -Wformat -Wformat-security -Wno-unused-parameter -fno-strict-aliasing -fdiagnostics-show-option -pedantic -std=c99 -D_GNU_SOURCE -std=gnu99 -Wno-pedantic -std=gnu99 -Wno-pedantic  -I/usr/include -I/home/justin/Bureau/dpdk-2.2.0/x86_64-native-linuxapp-gcc/include conftest.c >&5
configure:13996: $? = 0
configure:13996: result: yes
configure:13996: checking sys/time.h presence
configure:13996: gcc -E  -I/usr/include -I/home/justin/Bureau/dpdk-2.2.0/x86_64-native-linuxapp-gcc/include conftest.c
configure:13996: $? = 0
configure:13996: result: yes
configure:13996: checking for sys/time.h
configure:13996: result: yes
configure:13996: checking for unistd.h
configure:13996: result: yes
configure:14008: checking for inline
configure:14024: gcc -c -g -O2 -fvisibility=hidden -Wall -Wwrite-strings -Wsign-compare -Wcast-align -Wextra -Wformat -Wformat-security -Wno-unused-parameter -fno-strict-aliasing -fdiagnostics-show-option -pedantic -std=c99 -D_GNU_SOURCE -std=gnu99 -Wno-pedantic -std=gnu99 -Wno-pedantic  -I/usr/include -I/home/justin/Bureau/dpdk-2.2.0/x86_64-native-linuxapp-gcc/include conftest.c >&5
configure:14024: $? = 0
configure:14032: result: inline
configure:14050: checking for size_t
configure:14050: gcc -c -g -O2 -fvisibility=hidden -Wall -Wwrite-strings -Wsign-compare -Wcast-align -Wextra -Wformat -Wformat-security -Wno-unused-parameter -fno-strict-aliasing -fdiagnostics-show-option -pedantic -std=c99 -D_GNU_SOURCE -std=gnu99 -Wno-pedantic -std=gnu99 -Wno-pedantic  -I/usr/include -I/home/justin/Bureau/dpdk-2.2.0/x86_64-native-linuxapp-gcc/include conftest.c >&5
configure:14050: $? = 0
configure:14050: gcc -c -g -O2 -fvisibility=hidden -Wall -Wwrite-strings -Wsign-compare -Wcast-align -Wextra -Wformat -Wformat-security -Wno-unused-parameter -fno-strict-aliasing -fdiagnostics-show-option -pedantic -std=c99 -D_GNU_SOURCE -std=gnu99 -Wno-pedantic -std=gnu99 -Wno-pedantic  -I/usr/include -I/home/justin/Bureau/dpdk-2.2.0/x86_64-native-linuxapp-gcc/include conftest.c >&5
conftest.c: In function 'main':
conftest.c:80:21: error: expected expression before ')' token
 if (sizeof ((size_t)))
                     ^
configure:14050: $? = 1
configure: failed program was:
| /* confdefs.h */
| #define PACKAGE_NAME "daq"
| #define PACKAGE_TARNAME "daq"
| #define PACKAGE_VERSION "2.0.6"
| #define PACKAGE_STRING "daq 2.0.6"
| #define PACKAGE_BUGREPORT "snort-team@sourcefire.com"
| #define PACKAGE_URL ""
| #define PACKAGE "daq"
| #define VERSION "2.0.6"
| #define STDC_HEADERS 1
| #define HAVE_SYS_TYPES_H 1
| #define HAVE_SYS_STAT_H 1
| #define HAVE_STDLIB_H 1
| #define HAVE_STRING_H 1
| #define HAVE_MEMORY_H 1
| #define HAVE_STRINGS_H 1
| #define HAVE_INTTYPES_H 1
| #define HAVE_STDINT_H 1
| #define HAVE_UNISTD_H 1
| #define HAVE_DLFCN_H 1
| #define LT_OBJDIR ".libs/"
| #define HAVE_VISIBILITY 1
| #define INET6 1
| #define HAVE_LINUX_IF_ETHER_H 1
| #define HAVE_LINUX_IF_PACKET_H 1
| #define HAVE_DECL_TPACKET2_HDRLEN 1
| #define HAVE_DECL_PACKET_TX_RING 1
| #define HAVE_LIBPCAP 1
| #define HAVE_NETINET_IN_H 1
| #define HAVE_NETINET_IN_H 1
| #define HAVE_INTTYPES_H 1
| #define HAVE_MEMORY_H 1
| #define HAVE_NETDB_H 1
| #define HAVE_NETINET_IN_H 1
| #define HAVE_STDINT_H 1
| #define HAVE_STDLIB_H 1
| #define HAVE_STRING_H 1
| #define HAVE_SYS_IOCTL_H 1
| #define HAVE_SYS_PARAM_H 1
| #define HAVE_SYS_SOCKET_H 1
| #define HAVE_SYS_TIME_H 1
| #define HAVE_UNISTD_H 1
| /* end confdefs.h.  */
| #include <stdio.h>
| #ifdef HAVE_SYS_TYPES_H
| # include <sys/types.h>
| #endif
| #ifdef HAVE_SYS_STAT_H
| # include <sys/stat.h>
| #endif
| #ifdef STDC_HEADERS
| # include <stdlib.h>
| # include <stddef.h>
| #else
| # ifdef HAVE_STDLIB_H
| #  include <stdlib.h>
| # endif
| #endif
| #ifdef HAVE_STRING_H
| # if !defined STDC_HEADERS && defined HAVE_MEMORY_H
| #  include <memory.h>
| # endif
| # include <string.h>
| #endif
| #ifdef HAVE_STRINGS_H
| # include <strings.h>
| #endif
| #ifdef HAVE_INTTYPES_H
| # include <inttypes.h>
| #endif
| #ifdef HAVE_STDINT_H
| # include <stdint.h>
| #endif
| #ifdef HAVE_UNISTD_H
| # include <unistd.h>
| #endif
| int
| main ()
| {
| if (sizeof ((size_t)))
| 	    return 0;
|   ;
|   return 0;
| }
configure:14050: result: yes
configure:14061: checking for uint16_t
configure:14061: gcc -c -g -O2 -fvisibility=hidden -Wall -Wwrite-strings -Wsign-compare -Wcast-align -Wextra -Wformat -Wformat-security -Wno-unused-parameter -fno-strict-aliasing -fdiagnostics-show-option -pedantic -std=c99 -D_GNU_SOURCE -std=gnu99 -Wno-pedantic -std=gnu99 -Wno-pedantic  -I/usr/include -I/home/justin/Bureau/dpdk-2.2.0/x86_64-native-linuxapp-gcc/include conftest.c >&5
configure:14061: $? = 0
configure:14061: result: yes
configure:14073: checking for uint32_t
configure:14073: gcc -c -g -O2 -fvisibility=hidden -Wall -Wwrite-strings -Wsign-compare -Wcast-align -Wextra -Wformat -Wformat-security -Wno-unused-parameter -fno-strict-aliasing -fdiagnostics-show-option -pedantic -std=c99 -D_GNU_SOURCE -std=gnu99 -Wno-pedantic -std=gnu99 -Wno-pedantic  -I/usr/include -I/home/justin/Bureau/dpdk-2.2.0/x86_64-native-linuxapp-gcc/include conftest.c >&5
configure:14073: $? = 0
configure:14073: result: yes
configure:14087: checking for uint64_t
configure:14087: gcc -c -g -O2 -fvisibility=hidden -Wall -Wwrite-strings -Wsign-compare -Wcast-align -Wextra -Wformat -Wformat-security -Wno-unused-parameter -fno-strict-aliasing -fdiagnostics-show-option -pedantic -std=c99 -D_GNU_SOURCE -std=gnu99 -Wno-pedantic -std=gnu99 -Wno-pedantic  -I/usr/include -I/home/justin/Bureau/dpdk-2.2.0/x86_64-native-linuxapp-gcc/include conftest.c >&5
configure:14087: $? = 0
configure:14087: result: yes
configure:14101: checking for uint8_t
configure:14101: gcc -c -g -O2 -fvisibility=hidden -Wall -Wwrite-strings -Wsign-compare -Wcast-align -Wextra -Wformat -Wformat-security -Wno-unused-parameter -fno-strict-aliasing -fdiagnostics-show-option -pedantic -std=c99 -D_GNU_SOURCE -std=gnu99 -Wno-pedantic -std=gnu99 -Wno-pedantic  -I/usr/include -I/home/justin/Bureau/dpdk-2.2.0/x86_64-native-linuxapp-gcc/include conftest.c >&5
configure:14101: $? = 0
configure:14101: result: yes
configure:14119: checking for stdlib.h
configure:14119: result: yes
configure:14129: checking for GNU libc compatible malloc
configure:14153: gcc -o conftest -g -O2 -fvisibility=hidden -Wall -Wwrite-strings -Wsign-compare -Wcast-align -Wextra -Wformat -Wformat-security -Wno-unused-parameter -fno-strict-aliasing -fdiagnostics-show-option -pedantic -std=c99 -D_GNU_SOURCE -std=gnu99 -Wno-pedantic -std=gnu99 -Wno-pedantic  -I/usr/include -I/home/justin/Bureau/dpdk-2.2.0/x86_64-native-linuxapp-gcc/include  conftest.c  >&5
configure:14153: $? = 0
configure:14153: ./conftest
configure:14153: $? = 0
configure:14163: result: yes
configure:14190: checking for stdlib.h
configure:14190: result: yes
configure:14190: checking for unistd.h
configure:14190: result: yes
configure:14190: checking for sys/param.h
configure:14190: result: yes
configure:14210: checking for getpagesize
configure:14210: gcc -o conftest -g -O2 -fvisibility=hidden -Wall -Wwrite-strings -Wsign-compare -Wcast-align -Wextra -Wformat -Wformat-security -Wno-unused-parameter -fno-strict-aliasing -fdiagnostics-show-option -pedantic -std=c99 -D_GNU_SOURCE -std=gnu99 -Wno-pedantic -std=gnu99 -Wno-pedantic  -I/usr/include -I/home/justin/Bureau/dpdk-2.2.0/x86_64-native-linuxapp-gcc/include  conftest.c  >&5
configure:14210: $? = 0
configure:14210: result: yes
configure:14219: checking for working mmap
configure:14366: gcc -o conftest -g -O2 -fvisibility=hidden -Wall -Wwrite-strings -Wsign-compare -Wcast-align -Wextra -Wformat -Wformat-security -Wno-unused-parameter -fno-strict-aliasing -fdiagnostics-show-option -pedantic -std=c99 -D_GNU_SOURCE -std=gnu99 -Wno-pedantic -std=gnu99 -Wno-pedantic  -I/usr/include -I/home/justin/Bureau/dpdk-2.2.0/x86_64-native-linuxapp-gcc/include  conftest.c  >&5
configure:14366: $? = 0
configure:14366: ./conftest
configure:14366: $? = 0
configure:14376: result: yes
configure:14388: checking for gethostbyname
configure:14388: gcc -o conftest -g -O2 -fvisibility=hidden -Wall -Wwrite-strings -Wsign-compare -Wcast-align -Wextra -Wformat -Wformat-security -Wno-unused-parameter -fno-strict-aliasing -fdiagnostics-show-option -pedantic -std=c99 -D_GNU_SOURCE -std=gnu99 -Wno-pedantic -std=gnu99 -Wno-pedantic  -I/usr/include -I/home/justin/Bureau/dpdk-2.2.0/x86_64-native-linuxapp-gcc/include  conftest.c  >&5
configure:14388: $? = 0
configure:14388: result: yes
configure:14388: checking for getpagesize
configure:14388: result: yes
configure:14388: checking for memset
configure:14388: gcc -o conftest -g -O2 -fvisibility=hidden -Wall -Wwrite-strings -Wsign-compare -Wcast-align -Wextra -Wformat -Wformat-security -Wno-unused-parameter -fno-strict-aliasing -fdiagnostics-show-option -pedantic -std=c99 -D_GNU_SOURCE -std=gnu99 -Wno-pedantic -std=gnu99 -Wno-pedantic  -I/usr/include -I/home/justin/Bureau/dpdk-2.2.0/x86_64-native-linuxapp-gcc/include  conftest.c  >&5
conftest.c:76:6: warning: conflicting types for built-in function 'memset' [enabled by default]
 char memset ();
      ^
configure:14388: $? = 0
configure:14388: result: yes
configure:14388: checking for munmap
configure:14388: gcc -o conftest -g -O2 -fvisibility=hidden -Wall -Wwrite-strings -Wsign-compare -Wcast-align -Wextra -Wformat -Wformat-security -Wno-unused-parameter -fno-strict-aliasing -fdiagnostics-show-option -pedantic -std=c99 -D_GNU_SOURCE -std=gnu99 -Wno-pedantic -std=gnu99 -Wno-pedantic  -I/usr/include -I/home/justin/Bureau/dpdk-2.2.0/x86_64-native-linuxapp-gcc/include  conftest.c  >&5
configure:14388: $? = 0
configure:14388: result: yes
configure:14388: checking for socket
configure:14388: gcc -o conftest -g -O2 -fvisibility=hidden -Wall -Wwrite-strings -Wsign-compare -Wcast-align -Wextra -Wformat -Wformat-security -Wno-unused-parameter -fno-strict-aliasing -fdiagnostics-show-option -pedantic -std=c99 -D_GNU_SOURCE -std=gnu99 -Wno-pedantic -std=gnu99 -Wno-pedantic  -I/usr/include -I/home/justin/Bureau/dpdk-2.2.0/x86_64-native-linuxapp-gcc/include  conftest.c  >&5
configure:14388: $? = 0
configure:14388: result: yes
configure:14388: checking for strchr
configure:14388: gcc -o conftest -g -O2 -fvisibility=hidden -Wall -Wwrite-strings -Wsign-compare -Wcast-align -Wextra -Wformat -Wformat-security -Wno-unused-parameter -fno-strict-aliasing -fdiagnostics-show-option -pedantic -std=c99 -D_GNU_SOURCE -std=gnu99 -Wno-pedantic -std=gnu99 -Wno-pedantic  -I/usr/include -I/home/justin/Bureau/dpdk-2.2.0/x86_64-native-linuxapp-gcc/include  conftest.c  >&5
conftest.c:79:6: warning: conflicting types for built-in function 'strchr' [enabled by default]
 char strchr ();
      ^
configure:14388: $? = 0
configure:14388: result: yes
configure:14388: checking for strcspn
configure:14388: gcc -o conftest -g -O2 -fvisibility=hidden -Wall -Wwrite-strings -Wsign-compare -Wcast-align -Wextra -Wformat -Wformat-security -Wno-unused-parameter -fno-strict-aliasing -fdiagnostics-show-option -pedantic -std=c99 -D_GNU_SOURCE -std=gnu99 -Wno-pedantic -std=gnu99 -Wno-pedantic  -I/usr/include -I/home/justin/Bureau/dpdk-2.2.0/x86_64-native-linuxapp-gcc/include  conftest.c  >&5
conftest.c:80:6: warning: conflicting types for built-in function 'strcspn' [enabled by default]
 char strcspn ();
      ^
configure:14388: $? = 0
configure:14388: result: yes
configure:14388: checking for strdup
configure:14388: gcc -o conftest -g -O2 -fvisibility=hidden -Wall -Wwrite-strings -Wsign-compare -Wcast-align -Wextra -Wformat -Wformat-security -Wno-unused-parameter -fno-strict-aliasing -fdiagnostics-show-option -pedantic -std=c99 -D_GNU_SOURCE -std=gnu99 -Wno-pedantic -std=gnu99 -Wno-pedantic  -I/usr/include -I/home/justin/Bureau/dpdk-2.2.0/x86_64-native-linuxapp-gcc/include  conftest.c  >&5
conftest.c:81:6: warning: conflicting types for built-in function 'strdup' [enabled by default]
 char strdup ();
      ^
configure:14388: $? = 0
configure:14388: result: yes
configure:14388: checking for strerror
configure:14388: gcc -o conftest -g -O2 -fvisibility=hidden -Wall -Wwrite-strings -Wsign-compare -Wcast-align -Wextra -Wformat -Wformat-security -Wno-unused-parameter -fno-strict-aliasing -fdiagnostics-show-option -pedantic -std=c99 -D_GNU_SOURCE -std=gnu99 -Wno-pedantic -std=gnu99 -Wno-pedantic  -I/usr/include -I/home/justin/Bureau/dpdk-2.2.0/x86_64-native-linuxapp-gcc/include  conftest.c  >&5
configure:14388: $? = 0
configure:14388: result: yes
configure:14388: checking for strrchr
configure:14388: gcc -o conftest -g -O2 -fvisibility=hidden -Wall -Wwrite-strings -Wsign-compare -Wcast-align -Wextra -Wformat -Wformat-security -Wno-unused-parameter -fno-strict-aliasing -fdiagnostics-show-option -pedantic -std=c99 -D_GNU_SOURCE -std=gnu99 -Wno-pedantic -std=gnu99 -Wno-pedantic  -I/usr/include -I/home/justin/Bureau/dpdk-2.2.0/x86_64-native-linuxapp-gcc/include  conftest.c  >&5
conftest.c:83:6: warning: conflicting types for built-in function 'strrchr' [enabled by default]
 char strrchr ();
      ^
configure:14388: $? = 0
configure:14388: result: yes
configure:14388: checking for strstr
configure:14388: gcc -o conftest -g -O2 -fvisibility=hidden -Wall -Wwrite-strings -Wsign-compare -Wcast-align -Wextra -Wformat -Wformat-security -Wno-unused-parameter -fno-strict-aliasing -fdiagnostics-show-option -pedantic -std=c99 -D_GNU_SOURCE -std=gnu99 -Wno-pedantic -std=gnu99 -Wno-pedantic  -I/usr/include -I/home/justin/Bureau/dpdk-2.2.0/x86_64-native-linuxapp-gcc/include  conftest.c  >&5
conftest.c:84:6: warning: conflicting types for built-in function 'strstr' [enabled by default]
 char strstr ();
      ^
configure:14388: $? = 0
configure:14388: result: yes
configure:14388: checking for strtoul
configure:14388: gcc -o conftest -g -O2 -fvisibility=hidden -Wall -Wwrite-strings -Wsign-compare -Wcast-align -Wextra -Wformat -Wformat-security -Wno-unused-parameter -fno-strict-aliasing -fdiagnostics-show-option -pedantic -std=c99 -D_GNU_SOURCE -std=gnu99 -Wno-pedantic -std=gnu99 -Wno-pedantic  -I/usr/include -I/home/justin/Bureau/dpdk-2.2.0/x86_64-native-linuxapp-gcc/include  conftest.c  >&5
configure:14388: $? = 0
configure:14388: result: yes
configure:14515: checking that generated files are newer than configure
configure:14521: result: done
configure:14588: creating ./config.status

## ---------------------- ##
## Running config.status. ##
## ---------------------- ##

This file was extended by daq config.status 2.0.6, which was
generated by GNU Autoconf 2.69.  Invocation command line was

  CONFIG_FILES    = 
  CONFIG_HEADERS  = 
  CONFIG_LINKS    = 
  CONFIG_COMMANDS = 
  $ ./config.status 

on justin-VirtualBox

config.status:1157: creating Makefile
config.status:1157: creating api/Makefile
config.status:1157: creating os-daq-modules/Makefile
config.status:1157: creating os-daq-modules/daq-modules-config
config.status:1157: creating sfbpf/Makefile
config.status:1157: creating config.h
config.status:1338: config.h is unchanged
config.status:1386: executing depfiles commands
config.status:1386: executing libtool commands

## ---------------- ##
## Cache variables. ##
## ---------------- ##

ac_cv_build=x86_64-unknown-linux-gnu
ac_cv_c_compiler_gnu=yes
ac_cv_c_inline=inline
ac_cv_c_uint16_t=yes
ac_cv_c_uint32_t=yes
ac_cv_c_uint64_t=yes
ac_cv_c_uint8_t=yes
ac_cv_env_CC_set=
ac_cv_env_CC_value=
ac_cv_env_CFLAGS_set=
ac_cv_env_CFLAGS_value=
ac_cv_env_CPPFLAGS_set=
ac_cv_env_CPPFLAGS_value=
ac_cv_env_CPP_set=
ac_cv_env_CPP_value=
ac_cv_env_LDFLAGS_set=
ac_cv_env_LDFLAGS_value=
ac_cv_env_LIBS_set=
ac_cv_env_LIBS_value=
ac_cv_env_LT_SYS_LIBRARY_PATH_set=
ac_cv_env_LT_SYS_LIBRARY_PATH_value=
ac_cv_env_build_alias_set=
ac_cv_env_build_alias_value=
ac_cv_env_host_alias_set=
ac_cv_env_host_alias_value=
ac_cv_env_target_alias_set=
ac_cv_env_target_alias_value=
ac_cv_func_getaddrinfo=yes
ac_cv_func_gethostbyname=yes
ac_cv_func_getpagesize=yes
ac_cv_func_malloc_0_nonnull=yes
ac_cv_func_memset=yes
ac_cv_func_mmap_fixed_mapped=yes
ac_cv_func_munmap=yes
ac_cv_func_socket=yes
ac_cv_func_strchr=yes
ac_cv_func_strcspn=yes
ac_cv_func_strdup=yes
ac_cv_func_strerror=yes
ac_cv_func_strrchr=yes
ac_cv_func_strstr=yes
ac_cv_func_strtoul=yes
ac_cv_have_decl_NETMAP_API=no
ac_cv_have_decl_PACKET_TX_RING=yes
ac_cv_have_decl_TPACKET2_HDRLEN=yes
ac_cv_header_dlfcn_h=yes
ac_cv_header_inttypes_h=yes
ac_cv_header_libipq_h=no
ac_cv_header_libnetfilter_queue_libnetfilter_queue_h=no
ac_cv_header_linux_if_ether_h=yes
ac_cv_header_linux_if_packet_h=yes
ac_cv_header_linux_netfilter_h=yes
ac_cv_header_memory_h=yes
ac_cv_header_net_netmap_h=no
ac_cv_header_net_netmap_user_h=no
ac_cv_header_netdb_h=yes
ac_cv_header_netinet_in_h=yes
ac_cv_header_pcap_h=yes
ac_cv_header_rte_config_h=yes
ac_cv_header_stdc=yes
ac_cv_header_stdint_h=yes
ac_cv_header_stdlib_h=yes
ac_cv_header_string_h=yes
ac_cv_header_strings_h=yes
ac_cv_header_sys_ioctl_h=yes
ac_cv_header_sys_param_h=yes
ac_cv_header_sys_socket_h=yes
ac_cv_header_sys_stat_h=yes
ac_cv_header_sys_time_h=yes
ac_cv_header_sys_types_h=yes
ac_cv_header_unistd_h=yes
ac_cv_host=x86_64-unknown-linux-gnu
ac_cv_lbl_flex_v24=yes
ac_cv_lib_dl_dlopen=yes
ac_cv_lib_pcap_pcap_lib_version=yes
ac_cv_objext=o
ac_cv_path_EGREP='/bin/grep -E'
ac_cv_path_FGREP='/bin/grep -F'
ac_cv_path_GREP=/bin/grep
ac_cv_path_SED=/bin/sed
ac_cv_path_install='/usr/bin/install -c'
ac_cv_path_lt_DD=/bin/dd
ac_cv_path_mkdir=/bin/mkdir
ac_cv_prog_AWK=mawk
ac_cv_prog_CPP='gcc -E'
ac_cv_prog_V_LEX=flex
ac_cv_prog_V_YACC=bison
ac_cv_prog_ac_ct_AR=ar
ac_cv_prog_ac_ct_CC=gcc
ac_cv_prog_ac_ct_MANIFEST_TOOL=mt
ac_cv_prog_ac_ct_OBJDUMP=objdump
ac_cv_prog_ac_ct_RANLIB=ranlib
ac_cv_prog_ac_ct_STRIP=strip
ac_cv_prog_cc_c89=
ac_cv_prog_cc_g=yes
ac_cv_prog_make_make_set=yes
ac_cv_type_size_t=yes
am_cv_CC_dependencies_compiler_type=gcc3
am_cv_make_support_nested_variables=yes
am_cv_prog_cc_c_o=yes
ax_cv_cflags_gcc_option__Wall=-Wall
ax_cv_cflags_gcc_option__Wcast_align=-Wcast-align
ax_cv_cflags_gcc_option__Wextra=-Wextra
ax_cv_cflags_gcc_option__Wformat=-Wformat
ax_cv_cflags_gcc_option__Wformat_security=-Wformat-security
ax_cv_cflags_gcc_option__Wno_unused_parameter=-Wno-unused-parameter
ax_cv_cflags_gcc_option__Wsign_compare=-Wsign-compare
ax_cv_cflags_gcc_option__Wwrite_strings=-Wwrite-strings
ax_cv_cflags_gcc_option__fdiagnostics_show_option=-fdiagnostics-show-option
ax_cv_cflags_gcc_option__fno_strict_aliasing=-fno-strict-aliasing
ax_cv_cflags_gcc_option__pedantic__std_c99__D_GNU_SOURCE='-pedantic -std=c99 -D_GNU_SOURCE'
daq_cv_libpcap_version_1x=yes
gl_cv_cc_visibility=yes
lt_cv_ar_at_file=@
lt_cv_archive_cmds_need_lc=no
lt_cv_deplibs_check_method=pass_all
lt_cv_file_magic_cmd='$MAGIC_CMD'
lt_cv_file_magic_test_file=
lt_cv_ld_reload_flag=-r
lt_cv_nm_interface='BSD nm'
lt_cv_objdir=.libs
lt_cv_path_LD=/usr/bin/ld
lt_cv_path_NM='/usr/bin/nm -B'
lt_cv_path_mainfest_tool=no
lt_cv_prog_compiler_c_o=yes
lt_cv_prog_compiler_pic='-fPIC -DPIC'
lt_cv_prog_compiler_pic_works=yes
lt_cv_prog_compiler_rtti_exceptions=no
lt_cv_prog_compiler_static_works=yes
lt_cv_prog_gnu_ld=yes
lt_cv_sharedlib_from_linklib_cmd='printf %s\n'
lt_cv_shlibpath_overrides_runpath=no
lt_cv_sys_global_symbol_pipe='sed -n -e '\''s/^.*[	 ]\([ABCDGIRSTW][ABCDGIRSTW]*\)[	 ][	 ]*\([_A-Za-z][_A-Za-z0-9]*\)$/\1 \2 \2/p'\'' | sed '\''/ __gnu_lto/d'\'''
lt_cv_sys_global_symbol_to_c_name_address='sed -n -e '\''s/^: \(.*\) .*$/  {"\1", (void *) 0},/p'\'' -e '\''s/^[ABCDGIRSTW][ABCDGIRSTW]* .* \(.*\)$/  {"\1", (void *) \&\1},/p'\'''
lt_cv_sys_global_symbol_to_c_name_address_lib_prefix='sed -n -e '\''s/^: \(.*\) .*$/  {"\1", (void *) 0},/p'\'' -e '\''s/^[ABCDGIRSTW][ABCDGIRSTW]* .* \(lib.*\)$/  {"\1", (void *) \&\1},/p'\'' -e '\''s/^[ABCDGIRSTW][ABCDGIRSTW]* .* \(.*\)$/  {"lib\1", (void *) \&\1},/p'\'''
lt_cv_sys_global_symbol_to_cdecl='sed -n -e '\''s/^T .* \(.*\)$/extern int \1();/p'\'' -e '\''s/^[ABCDGIRSTW][ABCDGIRSTW]* .* \(.*\)$/extern char \1;/p'\'''
lt_cv_sys_global_symbol_to_import=
lt_cv_sys_max_cmd_len=1572864
lt_cv_to_host_file_cmd=func_convert_file_noop
lt_cv_to_tool_file_cmd=func_convert_file_noop
lt_cv_truncate_bin='/bin/dd bs=4096 count=1'

## ----------------- ##
## Output variables. ##
## ----------------- ##

ACLOCAL='${SHELL} /home/justin/Bureau/daq-dpdk-master/missing aclocal-1.14'
AMDEPBACKSLASH='\'
AMDEP_FALSE='#'
AMDEP_TRUE=''
AMTAR='$${TAR-tar}'
AM_BACKSLASH='\'
AM_DEFAULT_V='$(AM_DEFAULT_VERBOSITY)'
AM_DEFAULT_VERBOSITY='1'
AM_V='$(V)'
AR='ar'
AUTOCONF='${SHELL} /home/justin/Bureau/daq-dpdk-master/missing autoconf'
AUTOHEADER='${SHELL} /home/justin/Bureau/daq-dpdk-master/missing autoheader'
AUTOMAKE='${SHELL} /home/justin/Bureau/daq-dpdk-master/missing automake-1.14'
AWK='mawk'
BUILD_AFPACKET_MODULE_FALSE='#'
BUILD_AFPACKET_MODULE_TRUE=''
BUILD_DPDK_MODULE_FALSE='#'
BUILD_DPDK_MODULE_TRUE=''
BUILD_DPDK_RING_MODULE_FALSE='#'
BUILD_DPDK_RING_MODULE_TRUE=''
BUILD_DUMP_MODULE_FALSE='#'
BUILD_DUMP_MODULE_TRUE=''
BUILD_IPFW_MODULE_FALSE='#'
BUILD_IPFW_MODULE_TRUE=''
BUILD_IPQ_MODULE_FALSE=''
BUILD_IPQ_MODULE_TRUE='#'
BUILD_MODULES_FALSE='#'
BUILD_MODULES_TRUE=''
BUILD_NETMAP_MODULE_FALSE=''
BUILD_NETMAP_MODULE_TRUE='#'
BUILD_NFQ_MODULE_FALSE=''
BUILD_NFQ_MODULE_TRUE='#'
BUILD_PCAP_MODULE_FALSE='#'
BUILD_PCAP_MODULE_TRUE=''
BUILD_SHARED_MODULES_FALSE='#'
BUILD_SHARED_MODULES_TRUE=''
CC='gcc'
CCDEPMODE='depmode=gcc3'
CFLAGS='-g -O2 -fvisibility=hidden -Wall -Wwrite-strings -Wsign-compare -Wcast-align -Wextra -Wformat -Wformat-security -Wno-unused-parameter -fno-strict-aliasing -fdiagnostics-show-option -pedantic -std=c99 -D_GNU_SOURCE -std=gnu99 -Wno-pedantic -std=gnu99 -Wno-pedantic'
CPP='gcc -E'
CPPFLAGS=' -I/usr/include -I/home/justin/Bureau/dpdk-2.2.0/x86_64-native-linuxapp-gcc/include'
CYGPATH_W='echo'
DEFS='-DHAVE_CONFIG_H'
DEPDIR='.deps'
DLLTOOL='false'
DNET_LDFLAGS='-L/usr/lib -ldumbnet'
DSYMUTIL=''
DUMPBIN=''
ECHO_C=''
ECHO_N='-n'
ECHO_T=''
EGREP='/bin/grep -E'
EXEEXT=''
FGREP='/bin/grep -F'
GREP='/bin/grep'
INSTALL_DATA='${INSTALL} -m 644'
INSTALL_PROGRAM='${INSTALL}'
INSTALL_SCRIPT='${INSTALL}'
INSTALL_STRIP_PROGRAM='$(install_sh) -c -s'
LD='/usr/bin/ld -m elf_x86_64'
LDFLAGS=''
LIBDL='-ldl'
LIBOBJS=''
LIBS=''
LIBTOOL='$(SHELL) $(top_builddir)/libtool'
LIPO=''
LN_S='ln -s'
LTLIBOBJS=''
LT_SYS_LIBRARY_PATH=''
MAKEINFO='${SHELL} /home/justin/Bureau/daq-dpdk-master/missing makeinfo'
MANIFEST_TOOL=':'
MKDIR_P='/bin/mkdir -p'
NM='/usr/bin/nm -B'
NMEDIT=''
OBJDUMP='objdump'
OBJEXT='o'
OTOOL64=''
OTOOL=''
PACKAGE='daq'
PACKAGE_BUGREPORT='snort-team@sourcefire.com'
PACKAGE_NAME='daq'
PACKAGE_STRING='daq 2.0.6'
PACKAGE_TARNAME='daq'
PACKAGE_URL=''
PACKAGE_VERSION='2.0.6'
PATH_SEPARATOR=':'
RANLIB='ranlib'
SED='/bin/sed'
SET_MAKE=''
SHELL='/bin/bash'
STATIC_LIBS=' -lsfbpf -lpcap -lsfbpf -lpcap -lsfbpf -L/home/justin/Bureau/dpdk-2.2.0/x86_64-native-linuxapp-gcc/lib -ldpdk -lpthread -lsfbpf -L/home/justin/Bureau/dpdk-2.2.0/x86_64-native-linuxapp-gcc/lib -ldpdk -lpthread'
STRIP='strip'
VERSION='2.0.6'
V_LEX='flex -Psfbpf_'
V_YACC='bison -y -p sfbpf_'
XCCFLAGS=''
ac_ct_AR='ar'
ac_ct_CC='gcc'
ac_ct_DUMPBIN=''
am__EXEEXT_FALSE=''
am__EXEEXT_TRUE='#'
am__fastdepCC_FALSE='#'
am__fastdepCC_TRUE=''
am__include='include'
am__isrc=''
am__leading_dot='.'
am__nodep='_no'
am__quote=''
am__tar='$${TAR-tar} chof - "$$tardir"'
am__untar='$${TAR-tar} xf -'
bindir='${exec_prefix}/bin'
build='x86_64-unknown-linux-gnu'
build_alias=''
build_cpu='x86_64'
build_os='linux-gnu'
build_vendor='unknown'
datadir='${datarootdir}'
datarootdir='${prefix}/share'
docdir='${datarootdir}/doc/${PACKAGE_TARNAME}'
dvidir='${docdir}'
exec_prefix='${prefix}'
host='x86_64-unknown-linux-gnu'
host_alias=''
host_cpu='x86_64'
host_os='linux-gnu'
host_vendor='unknown'
htmldir='${docdir}'
includedir='${prefix}/include'
infodir='${datarootdir}/info'
install_sh='${SHELL} /home/justin/Bureau/daq-dpdk-master/install-sh'
libdir='${exec_prefix}/lib'
libexecdir='${exec_prefix}/libexec'
localedir='${datarootdir}/locale'
localstatedir='${prefix}/var'
mandir='${datarootdir}/man'
mkdir_p='$(MKDIR_P)'
oldincludedir='/usr/include'
pdfdir='${docdir}'
prefix='/usr/local'
program_transform_name='s,x,x,'
psdir='${docdir}'
sbindir='${exec_prefix}/sbin'
sharedstatedir='${prefix}/com'
sysconfdir='${prefix}/etc'
target_alias=''

## ----------- ##
## confdefs.h. ##
## ----------- ##

/* confdefs.h */
#define PACKAGE_NAME "daq"
#define PACKAGE_TARNAME "daq"
#define PACKAGE_VERSION "2.0.6"
#define PACKAGE_STRING "daq 2.0.6"
#define PACKAGE_BUGREPORT "snort-team@sourcefire.com"
#define PACKAGE_URL ""
#define PACKAGE "daq"
#define VERSION "2.0.6"
#define STDC_HEADERS 1
#define HAVE_SYS_TYPES_H 1
#define HAVE_SYS_STAT_H 1
#define HAVE_STDLIB_H 1
#define HAVE_STRING_H 1
#define HAVE_MEMORY_H 1
#define HAVE_STRINGS_H 1
#define HAVE_INTTYPES_H 1
#define HAVE_STDINT_H 1
#define HAVE_UNISTD_H 1
#define HAVE_DLFCN_H 1
#define LT_OBJDIR ".libs/"
#define HAVE_VISIBILITY 1
#define INET6 1
#define HAVE_LINUX_IF_ETHER_H 1
#define HAVE_LINUX_IF_PACKET_H 1
#define HAVE_DECL_TPACKET2_HDRLEN 1
#define HAVE_DECL_PACKET_TX_RING 1
#define HAVE_LIBPCAP 1
#define HAVE_NETINET_IN_H 1
#define HAVE_NETINET_IN_H 1
#define HAVE_INTTYPES_H 1
#define HAVE_MEMORY_H 1
#define HAVE_NETDB_H 1
#define HAVE_NETINET_IN_H 1
#define HAVE_STDINT_H 1
#define HAVE_STDLIB_H 1
#define HAVE_STRING_H 1
#define HAVE_SYS_IOCTL_H 1
#define HAVE_SYS_PARAM_H 1
#define HAVE_SYS_SOCKET_H 1
#define HAVE_SYS_TIME_H 1
#define HAVE_UNISTD_H 1
#define HAVE_STDLIB_H 1
#define HAVE_MALLOC 1
#define HAVE_STDLIB_H 1
#define HAVE_UNISTD_H 1
#define HAVE_SYS_PARAM_H 1
#define HAVE_GETPAGESIZE 1
#define HAVE_MMAP 1
#define HAVE_GETHOSTBYNAME 1
#define HAVE_GETPAGESIZE 1
#define HAVE_MEMSET 1
#define HAVE_MUNMAP 1
#define HAVE_SOCKET 1
#define HAVE_STRCHR 1
#define HAVE_STRCSPN 1
#define HAVE_STRDUP 1
#define HAVE_STRERROR 1
#define HAVE_STRRCHR 1
#define HAVE_STRSTR 1
#define HAVE_STRTOUL 1

configure: exit 0
